Sencha Cmd 6.0.1.76 - Crash report
================================================
An error occurred while executing the following command: upgrade package

Diagnostic information:
=======================
                                         : ======                                            
                                 <<<<<<< : Generated                                         
                                 >>>>>>> : Custom                                            
                    buildenvironment.dir : /Users/Dan/Documents/touch-2.4.2/portfolios/splitview/packages/Material
               buildenvironment.load.dir : /Users/Dan/Documents/touch-2.4.2/portfolios/splitview/packages/Material
                          cmd.config.dir : /Users/Dan/bin/Sencha/Cmd/6.0.1.76                
                                 cmd.dir : /Users/Dan/bin/Sencha/Cmd/6.0.1.76                
                    cmd.framework.minver : 2.2.0                                             
                   cmd.framework.version : 2.99.99.99999                                     
                            cmd.jvm.args : -Xms128m -Xmx1024m -Dapple.awt.UIElement=true     
              cmd.merge.tool.args.araxis : -wait -merge -3 -a1 {base} {user} {generated} {out}
              cmd.merge.tool.args.kdiff3 : {base} {user} {generated} -o {out}                
             cmd.merge.tool.args.p4merge : {base} {user} {generated} {out}                   
           cmd.merge.tool.args.smartsync : {user} {generated} {base}                         
          cmd.merge.tool.args.sourcegear : --merge --result={out} {user} {base} {generated}  
            cmd.merge.tool.args.tortoise : -base:{base} -theirs:{generated} -mine:{user} -merged:{out}
                              cmd.minver : 3.0.0.0                                           
                            cmd.platform : osx                                               
                         cmd.server.port : 1841                                              
                     cmd.unicode.escapes : /Users/Dan/bin/Sencha/Cmd/6.0.1.76/unicode-escapes.json
                             cmd.version : 6.0.1.76                                          
                            cmd.web.port : 1841                                              
                     config.skipDownload : false                                             
                      config.skipInherit : true                                              
                     framework.classpath : /Users/Dan/Documents/touch-2.4.2/src              
                    framework.cmd.minver : 3.1.0.53                                          
                   framework.cmd.version : 4.0.5.87                                          
                    framework.config.dir : /Users/Dan/bin/Sencha/Cmd/6.0.1.76/plugins/touch/2.3
                           framework.dir : /Users/Dan/Documents/touch-2.4.2                  
                       framework.ignores : src/locale,src/platform,auth2/Auth.js,scroller/Infinite.js
                          framework.name : touch                                             
                  framework.packages.dir : /Users/Dan/Documents/touch-2.4.2/packages         
             framework.preprocessor.opts : charts:no                                         
                       framework.version : 2.4.2.571                                         
                       inspector.address : http://localhost:1839/                            
                      package.base.names :                                                   
                   package.base.packages :                                                   
                       package.build.dir : /Users/Dan/Documents/touch-2.4.2/portfolios/splitview/packages/Material/build
                       package.classpath : /Users/Dan/Documents/touch-2.4.2/portfolios/splitview/packages/Material/src,/Users/Dan/Documents/touch-2.4.2/touch/src
                     package.cmd.version : 6.0.1.76                                          
                   package.compatVersion : 1.0.0                                             
                      package.config.dir : /Users/Dan/Documents/touch-2.4.2/portfolios/splitview/packages/Material/.sencha/package
                         package.creator : Kulo                                              
             package.detailedDescription : Long description of package                       
                             package.dir : /Users/Dan/Documents/touch-2.4.2/portfolios/splitview/packages/Material
                    package.examples.dir : /Users/Dan/Documents/touch-2.4.2/portfolios/splitview/packages/Material/examples
                          package.format : 1                                                 
                       package.framework : touch                                             
                           package.local : true                                              
                            package.name : Material                                          
                       package.namespace : Material                                          
                          package.output : /Users/Dan/Documents/touch-2.4.2/portfolios/splitview/packages/Material/build
                       package.overrides : /Users/Dan/Documents/touch-2.4.2/portfolios/splitview/packages/Material/overrides
                  package.requires.names :                                                   
               package.requires.packages :                                                   
                    package.sass.etcpath : /Users/Dan/Documents/touch-2.4.2/portfolios/splitview/packages/Material/sass/etc/all.scss
                  package.sass.namespace : Ext                                               
                    package.sass.srcpath : /Users/Dan/Documents/touch-2.4.2/portfolios/splitview/packages/Material/sass/src
                    package.sass.varpath : /Users/Dan/Documents/touch-2.4.2/portfolios/splitview/packages/Material/sass/var
    package.slicer.js.0.isWidgetManifest : true                                              
                package.slicer.js.0.path : /Users/Dan/Documents/touch-2.4.2/portfolios/splitview/packages/Material/sass/example/custom.js
                package.slicer.js.length : 1                                                 
                     package.subpkgs.dir : /Users/Dan/Documents/touch-2.4.2/portfolios/splitview/packages/Material/packages
                         package.summary : Short summary                                     
                         package.toolkit : classic                                           
                            package.type : code                                              
                         package.version : 1.0.0                                             
                          repo.local.dir : /Users/Dan/bin/Sencha/Cmd/repo                    
                      sencha.is.sdk.repo : 1                                                 
        system.java.net.useSystemProxies : true                                              
                            toolkit.name : classic                                           
                               touch.dir : /Users/Dan/Documents/touch-2.4.2                  
                          workspace.apps : portfolios/splitview                              
                        workspace.apps.0 : portfolios/splitview                              
                   workspace.apps.length : 1                                                 
                     workspace.build.dir : /Users/Dan/Documents/touch-2.4.2/build            
                    workspace.config.dir : /Users/Dan/Documents/touch-2.4.2/.sencha/workspace
                           workspace.dir : /Users/Dan/Documents/touch-2.4.2                  
                  workspace.packages.dir : /Users/Dan/Documents/touch-2.4.2/packages/local,/Users/Dan/Documents/touch-2.4.2/packages
              workspace.packages.extract : /Users/Dan/Documents/touch-2.4.2/packages/remote  

Exception information:
=======================
For input string: "package"
     at java.lang.NumberFormatException.forInputString(NumberFormatException.java:65)
     at java.lang.Integer.parseInt(Integer.java:580)
     at java.lang.Integer.parseInt(Integer.java:615)
     at com.sencha.util.Version.<init>(Version.java:61)
     at com.sencha.command.UpgradeCommand.execute(UpgradeCommand.java:124)
     at sun.reflect.NativeMethodAccessorImpl.invoke0(Native Method)
     at sun.reflect.NativeMethodAccessorImpl.invoke(NativeMethodAccessorImpl.java:62)
     at sun.reflect.DelegatingMethodAccessorImpl.invoke(DelegatingMethodAccessorImpl.java:43)
     at java.lang.reflect.Method.invoke(Method.java:497)
     at com.sencha.util.MethodInvoker$Arguments.invoke(MethodInvoker.java:175)
     at com.sencha.cli.Command.dispatch(Command.java:43)
     at com.sencha.cli.Commands.dispatch(Commands.java:64)
     at com.sencha.command.Sencha.dispatch(Sencha.java:74)
     at com.sencha.command.Sencha.main(Sencha.java:142)
     at sun.reflect.NativeMethodAccessorImpl.invoke0(Native Method)
     at sun.reflect.NativeMethodAccessorImpl.invoke(NativeMethodAccessorImpl.java:62)
     at sun.reflect.DelegatingMethodAccessorImpl.invoke(DelegatingMethodAccessorImpl.java:43)
     at java.lang.reflect.Method.invoke(Method.java:497)
     at com.exe4j.runtime.LauncherEngine.launch(Unknown Source)
     at com.install4j.runtime.launcher.UnixLauncher.main(Unknown Source)

